<?xml version="1.0" encoding="UTF-8"?>
<!-- Generated by org.testng.reporters.JUnitReportReporter -->
<testsuite hostname="DESKTOP-QHROH9I" failures="0" tests="1" name="TestCases.Test_Homepage" time="30.603" errors="0" timestamp="2022-12-04T12:58:28 IST" skipped="0">
  <testcase classname="TestCases.Test_Homepage" name="AddProducts" time="30.603"/>
  <system-out/>
</testsuite> <!-- TestCases.Test_Homepage -->
