<?xml version="1.0" encoding="UTF-8"?>
<!-- Generated by org.testng.reporters.JUnitReportReporter -->
<testsuite hostname="DESKTOP-QHROH9I" failures="0" tests="6" name="kumar.San04" time="28.396" errors="0" timestamp="2022-11-27T13:02:22 IST" skipped="0">
  <testcase classname="kumar.San04" name="loginTest" time="4.707"/>
  <system-out/>
  <testcase classname="kumar.San04" name="loginTest" time="4.171"/>
  <system-out/>
  <testcase classname="kumar.San04" name="loginTest" time="3.972"/>
  <system-out/>
  <testcase classname="kumar.San04" name="loginTest" time="8.139"/>
  <system-out/>
  <testcase classname="kumar.San04" name="loginTest" time="3.978"/>
  <system-out/>
  <testcase classname="kumar.San04" name="loginTest" time="3.429"/>
  <system-out/>
</testsuite> <!-- kumar.San04 -->
