<?xml version="1.0" encoding="UTF-8"?>
<!-- Generated by org.testng.reporters.JUnitReportReporter -->
<testsuite hostname="DESKTOP-QHROH9I" failures="0" tests="6" name="kumar.Datadriven" time="8.752" errors="0" timestamp="2022-11-27T11:22:51 IST" skipped="0">
  <testcase classname="kumar.Datadriven" name="loginTest" time="1.214"/>
  <system-out/>
  <testcase classname="kumar.Datadriven" name="loginTest" time="0.904"/>
  <system-out/>
  <testcase classname="kumar.Datadriven" name="loginTest" time="1.214"/>
  <system-out/>
  <testcase classname="kumar.Datadriven" name="loginTest" time="2.459"/>
  <system-out/>
  <testcase classname="kumar.Datadriven" name="loginTest" time="1.919"/>
  <system-out/>
  <testcase classname="kumar.Datadriven" name="loginTest" time="1.042"/>
  <system-out/>
</testsuite> <!-- kumar.Datadriven -->
